17
Astrogildo Santos
168954
M
15/10/1985
F
5 13 12 7 3 0
Fulano Silva e Silva
175642
M
15/ 5/1991
F
8 7 6 15 3 10 16 0
Sicrana
180907
F
16/ 5/1985
M
9 2 5 1 0
Beltrano Sousa
197654
M
21/ 1/1976
M
3 17 1 15 14 0
Sicrano Sousa
162121
M
10/ 7/1990
F
6 0
Astrogilda
162345
F
13/12/1974
F
10 12 0
Fulana Pereira
217534
F
12/ 2/1988
M
16 12 0
Beltrana de Jesus
187643
F
 3/ 3/1997
M
4 12 0
Genoveva Maria
58761
F
28/ 2/1990
M
14 5 7 17 3 1 13 0
Xerox Porfilho
136262
M
12/ 9/1967
F
2 15 11 16 13 5 8 0
Fotocopia
154237
F
12/ 9/1992
M
10 14 3 13 15 8 0
Autenticada Miguel 
123481
F
26/ 5/1974
M
9 0
Carimbo
178234
M
 6/ 4/1991
M
15 2 3 0
Sherilaine
198531
F
17/11/1887
F
13 15 0
Shekira
190831
F
24/10/1985
F
17 16 1 12 10 5 3 0
Bruce Esfrilde
14610
M
16/ 3/1998
M
5 10 7 0
Lisarb
243172
M
 9/ 9/1989
F
0

17
