P2
# MAX = 193
# MIN = 41
# AE = 7214
32 32
255
0 86 120 126 123 121 103 103 110 106 93 93 95 96 96 91 91 110 105 105 105 112 112 104 100 100 109 122 137 137 114 0 
86 119 129 135 127 122 103 103 110 106 93 93 95 100 103 96 94 110 105 105 105 112 112 104 100 103 119 130 147 147 134 113 
93 120 138 140 135 102 93 74 69 74 83 83 77 77 89 94 89 86 85 86 99 112 104 91 99 100 109 128 142 142 137 113 
103 126 138 143 140 117 93 74 68 69 74 77 73 66 71 71 74 82 82 85 85 91 96 91 103 103 125 140 143 142 134 113 
106 127 138 144 144 134 117 117 99 99 99 100 92 66 66 67 82 89 89 89 100 108 109 108 108 125 133 143 147 142 137 119 
106 128 136 143 143 134 131 117 109 99 93 100 100 92 90 90 98 99 99 106 106 108 108 108 112 125 143 150 154 147 139 124 
106 128 136 141 141 137 132 117 99 93 93 113 114 114 103 109 103 109 109 143 144 119 108 101 108 126 146 154 155 148 139 124 
105 121 134 137 138 135 127 109 89 93 126 148 140 121 115 115 115 127 143 172 160 144 108 107 112 126 143 150 154 148 140 123 
105 112 126 135 137 132 126 104 99 126 163 169 163 140 123 127 127 135 172 177 172 159 134 112 122 133 140 150 150 148 138 121 
104 107 118 129 129 129 126 109 115 166 169 175 174 143 130 127 131 135 179 180 177 170 159 133 129 134 148 150 150 141 133 121 
95 107 118 126 129 129 126 115 132 166 174 182 174 146 139 130 135 141 179 180 179 170 159 138 137 137 150 153 148 140 131 109 
91 98 117 124 130 130 122 122 137 167 175 183 174 150 142 134 141 141 177 180 180 176 167 149 137 137 151 151 143 134 124 109 
91 98 109 124 126 126 115 115 161 167 183 184 184 146 146 139 141 141 177 180 180 178 167 149 131 131 140 143 138 124 117 108 
91 98 98 98 119 122 92 92 161 169 183 187 187 146 146 139 140 140 179 184 184 178 168 145 124 128 131 134 128 117 110 108 
100 100 96 87 90 90 78 92 151 169 183 184 184 146 146 139 139 139 181 185 185 178 174 124 115 114 128 128 115 106 106 97 
110 124 100 85 84 72 68 72 149 169 182 182 177 140 140 145 145 145 182 186 186 179 174 115 109 109 112 112 106 105 102 90 
125 148 124 96 72 68 62 65 124 167 180 182 182 140 140 144 145 148 186 186 187 180 167 96 96 102 104 104 102 98 94 83 
151 151 138 107 72 62 56 62 107 162 172 182 174 157 140 131 144 157 169 183 183 179 150 89 89 99 101 101 98 98 91 83 
153 153 138 107 73 62 59 62 90 152 162 174 174 157 138 126 141 158 168 169 175 165 127 83 83 96 97 98 98 98 94 89 
153 153 138 110 73 62 59 76 82 128 152 170 160 138 133 126 141 158 166 166 154 152 115 98 91 96 96 96 98 102 98 91 
153 162 141 111 81 76 82 82 84 108 138 141 140 134 134 134 140 145 147 152 140 121 115 100 97 97 96 96 96 99 99 91 
169 174 153 127 110 94 114 85 99 107 125 139 140 139 140 139 140 143 143 140 129 121 113 111 104 105 105 95 93 95 99 96 
173 176 174 127 121 139 146 128 104 107 125 127 139 141 141 140 140 139 138 138 126 121 113 113 115 117 109 107 95 95 107 107 
173 175 171 122 122 148 154 146 107 107 125 127 134 141 146 146 140 137 137 132 126 122 113 113 117 118 123 109 108 108 122 116 
172 172 166 127 127 142 158 158 117 116 117 127 129 131 143 146 141 135 132 131 126 114 113 115 123 131 142 124 116 116 123 123 
172 172 162 147 136 142 156 158 156 122 122 124 124 130 135 141 135 133 132 129 127 123 114 131 140 145 149 147 123 123 133 133 
170 170 162 153 138 138 149 156 162 149 149 131 129 131 136 138 137 133 133 131 131 131 131 137 145 153 155 149 123 123 132 132 
164 164 160 153 143 138 142 149 163 163 163 154 136 136 138 138 138 138 139 142 142 139 137 140 153 154 154 144 123 123 129 129 
156 160 155 150 143 135 134 147 160 163 167 163 150 140 140 144 145 144 145 147 147 139 137 141 149 153 144 126 120 122 123 123 
146 156 155 150 143 134 128 128 152 167 173 165 163 150 144 144 146 147 147 150 147 141 141 147 147 143 122 114 116 116 119 110 
133 146 150 148 139 129 114 112 128 173 175 173 164 150 144 144 147 150 150 150 153 153 147 147 122 117 113 105 105 109 110 85 
0 133 137 137 129 114 98 98 101 128 173 173 164 144 142 142 142 150 150 150 153 153 147 121 114 88 87 87 92 92 85 0 
