Arquivo: database_1.dat
Qtd alunos: 17
Alunos
-----------------------
Nome: Astrogildo Santos
RA: 168954
Genero: M
Data Nascimento: 15/10/1986
Genero que procura: F

Nome: Fulano Silva e Silva
RA: 175642
Genero: M
Data Nascimento: 15/5/1991
Genero que procura: F

Nome: Sicrana
RA: 180907
Genero: F
Data Nascimento: 16/5/1986
Genero que procura: M

Nome: Beltrano Sousa
RA: 197654
Genero: M
Data Nascimento: 21/1/1976
Genero que procura: M

Nome: Sicrano Sousa
RA: 162121
Genero: M
Data Nascimento: 10/7/1990
Genero que procura: F

Nome: Astrogilda
RA: 162345
Genero: F
Data Nascimento: 13/12/1974
Genero que procura: F

Nome: Fulana Pereira
RA: 217534
Genero: F
Data Nascimento: 12/2/1988
Genero que procura: M

Nome: Beltrana de Jesus
RA: 187643
Genero: F
Data Nascimento: 3/3/1997
Genero que procura: M

Nome: Genoveva Maria
RA: 58761
Genero: F
Data Nascimento: 28/2/1990
Genero que procura: M

Nome: Xerox Porfilho
RA: 136262
Genero: M
Data Nascimento: 12/9/1967
Genero que procura: F

Nome: Fotocopia
RA: 154237
Genero: F
Data Nascimento: 12/9/1992
Genero que procura: M

Nome: Autenticada Miguel 
RA: 123481
Genero: F
Data Nascimento: 26/5/1974
Genero que procura: M

Nome: Carimbo
RA: 178234
Genero: M
Data Nascimento: 6/4/1991
Genero que procura: M

Nome: Sherilaine
RA: 198531
Genero: F
Data Nascimento: 17/11/1887
Genero que procura: F

Nome: Shekira
RA: 190831
Genero: F
Data Nascimento: 24/10/1985
Genero que procura: F

Nome: Bruce Esfrilde
RA: 14610
Genero: M
Data Nascimento: 16/3/1996
Genero que procura: M

Nome: Lisarb
RA: 243172
Genero: M
Data Nascimento: 19/9/1987
Genero que procura: F

